[debug] [2018-11-24T06:17:20.000Z] ----------------------------------------------------------------------
[debug] [2018-11-24T06:17:20.002Z] Command:       /usr/local/Cellar/node/10.9.0/bin/node /usr/local/bin/firebase serve
[debug] [2018-11-24T06:17:20.003Z] CLI Version:   6.0.1
[debug] [2018-11-24T06:17:20.003Z] Platform:      darwin
[debug] [2018-11-24T06:17:20.003Z] Node Version:  v10.9.0
[debug] [2018-11-24T06:17:20.008Z] Time:          Sat Nov 24 2018 13:17:20 GMT+0700 (Western Indonesia Time)
[debug] [2018-11-24T06:17:20.009Z] ----------------------------------------------------------------------
[debug] 
[debug] [2018-11-24T06:17:20.023Z] > command requires scopes: ["email","openid","https://www.googleapis.com/auth/cloudplatformprojects.readonly","https://www.googleapis.com/auth/firebase","https://www.googleapis.com/auth/cloud-platform"]
[debug] [2018-11-24T06:17:20.023Z] > authorizing via signed-in user
[debug] [2018-11-24T06:17:20.023Z] [iam] checking project mws-mitha for permissions ["firebase.projects.get"]
[debug] [2018-11-24T06:17:20.026Z] > refreshing access token with scopes: ["email","https://www.googleapis.com/auth/cloud-platform","https://www.googleapis.com/auth/cloudplatformprojects.readonly","https://www.googleapis.com/auth/firebase","openid"]
[debug] [2018-11-24T06:17:20.026Z] >>> HTTP REQUEST POST https://www.googleapis.com/oauth2/v3/token  
 <request body omitted>
[debug] [2018-11-24T06:17:21.735Z] <<< HTTP RESPONSE 200
[debug] [2018-11-24T06:17:21.815Z] >>> HTTP REQUEST POST https://cloudresourcemanager.googleapis.com/v1/projects/mws-mitha:testIamPermissions  

[debug] [2018-11-24T06:17:23.603Z] <<< HTTP RESPONSE 200
[debug] [2018-11-24T06:17:23.605Z] >>> HTTP REQUEST GET https://cloudresourcemanager.googleapis.com/v1/projects/mws-mitha  
 
[debug] [2018-11-24T06:17:25.191Z] <<< HTTP RESPONSE 200
[info] 
[info] === Serving from '/Users/mitha/Desktop/mws-mitha'...
[info] 
[debug] [2018-11-24T06:17:25.196Z] >>> HTTP REQUEST GET https://mobilesdk-pa.googleapis.com/v1/projects/189666297997/clients/_:getWebAppConfig  
 
[debug] [2018-11-24T06:17:25.766Z] <<< HTTP RESPONSE 200
[info] i  hosting: Serving hosting files from: public
[info] ✔  hosting: Local server: http://localhost:5000
